<domain type='kvm'>
  <name>ubuntu</name>
  <uuid>0f7c794b-2e17-45ef-3c55-ece004e76aef</uuid>
  <memory>524288</memory>
  <currentMemory>524288</currentMemory>
  <vcpu>1</vcpu>
  <os>
    <type arch='i686' machine='pc-0.12'>hvm</type>
    <boot dev='hd'/>
  </os>
  <features>
    <acpi/>
    <apic/>
    <pae/>
  </features>
  <clock offset='utc'/>
  <on_poweroff>destroy</on_poweroff>
  <on_reboot>restart</on_reboot>
  <on_crash>restart</on_crash>
  <devices>
    <emulator>/usr/bin/kvm</emulator>
    <disk type='file' device='disk'>
      <driver name='qemu' type='raw'/>
      <source file='/var/lib/libvirt/images/linux.img'/>
      <target dev='vda' bus='virtio'/>
    </disk>
    <disk type='block' device='cdrom'>
      <driver name='qemu' type='raw'/>
      <target dev='hdc' bus='ide'/>
      <readonly/>
    </disk>
    <interface type='network'>
      <mac address='52:54:00:05:4f:92'/>
      <source network='default'/>
      <target dev='vnet0'/>
      <model type='virtio'/>
    </interface>
    <console type='pty'>
      <target port='0'/>
    </console>
    <console type='pty'>
      <target port='0'/>
    </console>
    <input type='mouse' bus='ps2'/>
    <graphics type='vnc' port='-1' autoport='yes'/>
    <video>
      <model type='cirrus' vram='9216' heads='1'/>
    </video>
  </devices>
</domain>
